{
  "RSpec": {
    "coverage": {
      "/Users/admin/workplace/leanring/page_views_analyzer/spec/lib/page_views_analyzer/count_page_views_by_ip_spec.rb": {
        "lines": [
          null,
          null,
          1,
          null,
          1,
          2,
          null,
          1,
          null,
          1,
          null,
          null,
          null,
          null,
          null,
          null,
          null,
          null,
          null,
          null,
          null,
          null,
          null,
          null,
          null,
          null,
          null,
          null,
          null,
          null,
          null,
          null,
          null,
          1,
          null,
          1,
          null,
          null,
          null,
          null,
          null,
          null,
          null,
          null,
          null,
          null,
          null,
          null,
          null,
          null,
          null,
          null,
          1,
          1,
          null,
          null
        ]
      },
      "/Users/admin/workplace/leanring/page_views_analyzer/lib/page_views_analyzer.rb": {
        "lines": [
          null,
          null,
          1,
          1,
          1,
          1,
          1,
          1,
          1,
          1
        ]
      },
      "/Users/admin/workplace/leanring/page_views_analyzer/lib/page_views_analyzer/parse/page_view.rb": {
        "lines": [
          null,
          null,
          null,
          1,
          1,
          1,
          1,
          31,
          null,
          null,
          1,
          31,
          31,
          null,
          25,
          null,
          null,
          1,
          null,
          1,
          1,
          null,
          1,
          31,
          31,
          null,
          null,
          1,
          62,
          null,
          null,
          1,
          31,
          null,
          null,
          null,
          null,
          null,
          null,
          null
        ]
      },
      "/Users/admin/workplace/leanring/page_views_analyzer/lib/page_views_analyzer/exceptions/validation_error.rb": {
        "lines": [
          null,
          null,
          1,
          1,
          1,
          null,
          null,
          null
        ]
      },
      "/Users/admin/workplace/leanring/page_views_analyzer/lib/page_views_analyzer/parse/validate_page_path_and_ip.rb": {
        "lines": [
          null,
          null,
          null,
          1,
          1,
          1,
          1,
          null,
          1,
          36,
          36,
          null,
          null,
          1,
          36,
          null,
          34,
          null,
          32,
          null,
          30,
          null,
          null,
          1,
          null,
          1,
          null,
          1,
          10,
          null,
          null,
          1,
          36,
          null,
          null,
          1,
          34,
          null,
          null,
          1,
          70,
          null,
          null,
          1,
          32,
          null,
          null,
          1,
          30,
          null,
          null,
          null,
          null
        ]
      },
      "/Users/admin/workplace/leanring/page_views_analyzer/lib/page_views_analyzer/parse/page_views.rb": {
        "lines": [
          null,
          null,
          1,
          1,
          1,
          1,
          6,
          6,
          null,
          null,
          1,
          6,
          null,
          4,
          2,
          null,
          null,
          1,
          null,
          1,
          1,
          null,
          1,
          10,
          null,
          null,
          1,
          6,
          null,
          null,
          1,
          4,
          null,
          null,
          1,
          4,
          null,
          null,
          1,
          26,
          null,
          24,
          12,
          12,
          6,
          null,
          6,
          null,
          null,
          null,
          1,
          26,
          null,
          null,
          null,
          null
        ]
      },
      "/Users/admin/workplace/leanring/page_views_analyzer/lib/page_views_analyzer/count_page_views_by_ip.rb": {
        "lines": [
          null,
          null,
          1,
          1,
          1,
          2,
          2,
          2,
          null,
          null,
          1,
          2,
          12,
          12,
          null,
          null,
          null,
          2,
          null,
          null,
          null,
          null,
          1,
          null,
          1,
          1,
          null,
          1,
          28,
          null,
          null,
          null
        ]
      },
      "/Users/admin/workplace/leanring/page_views_analyzer/lib/page_views_analyzer/display/base.rb": {
        "lines": [
          null,
          null,
          1,
          1,
          1,
          1,
          4,
          null,
          null,
          1,
          4,
          null,
          null,
          1,
          null,
          1,
          null,
          1,
          24,
          null,
          null,
          null,
          null
        ]
      },
      "/Users/admin/workplace/leanring/page_views_analyzer/lib/page_views_analyzer/display/most_uniquely_visited_pages.rb": {
        "lines": [
          null,
          null,
          1,
          1,
          1,
          1,
          null,
          1,
          12,
          null,
          null,
          null,
          null
        ]
      },
      "/Users/admin/workplace/leanring/page_views_analyzer/lib/page_views_analyzer/display/most_visited_pages.rb": {
        "lines": [
          null,
          null,
          1,
          1,
          1,
          1,
          null,
          1,
          12,
          null,
          null,
          null,
          null
        ]
      },
      "/Users/admin/workplace/leanring/page_views_analyzer/spec/lib/page_views_analyzer/display/most_uniquely_visited_pages_spec.rb": {
        "lines": [
          null,
          null,
          1,
          null,
          1,
          2,
          null,
          1,
          null,
          1,
          null,
          null,
          null,
          null,
          null,
          null,
          null,
          null,
          1,
          1,
          null,
          null,
          null,
          null,
          1,
          2,
          null,
          null
        ]
      },
      "/Users/admin/workplace/leanring/page_views_analyzer/spec/lib/page_views_analyzer/display/most_visited_pages_spec.rb": {
        "lines": [
          null,
          null,
          1,
          null,
          1,
          2,
          null,
          1,
          null,
          1,
          null,
          null,
          null,
          null,
          null,
          null,
          null,
          null,
          1,
          1,
          null,
          null,
          null,
          1,
          2,
          null,
          null
        ]
      },
      "/Users/admin/workplace/leanring/page_views_analyzer/spec/lib/page_views_analyzer/parse/page_view_spec.rb": {
        "lines": [
          null,
          null,
          1,
          null,
          1,
          6,
          null,
          2,
          null,
          2,
          null,
          1,
          1,
          null,
          null,
          1,
          1,
          2,
          2,
          null,
          1,
          null,
          null,
          1,
          2,
          2,
          null,
          1,
          null,
          null,
          1,
          2,
          2,
          null,
          1,
          null,
          null,
          1,
          2,
          2,
          null,
          1,
          null,
          null,
          null
        ]
      },
      "/Users/admin/workplace/leanring/page_views_analyzer/spec/lib/page_views_analyzer/parse/page_views_spec.rb": {
        "lines": [
          null,
          null,
          1,
          null,
          1,
          4,
          null,
          2,
          1,
          null,
          1,
          null,
          null,
          null,
          null,
          null,
          null,
          null,
          null,
          null,
          null,
          null,
          null,
          null,
          null,
          null,
          null,
          null,
          null,
          null,
          null,
          null,
          null,
          null,
          1,
          1,
          null,
          null,
          1,
          2,
          null,
          1,
          2,
          null,
          null,
          null,
          null,
          null,
          null,
          null,
          1,
          2,
          null,
          1,
          2,
          null,
          null,
          null,
          null,
          null,
          null,
          null
        ]
      },
      "/Users/admin/workplace/leanring/page_views_analyzer/spec/lib/page_views_analyzer/parse/validate_page_path_and_ip_spec.rb": {
        "lines": [
          null,
          null,
          1,
          null,
          1,
          6,
          null,
          2,
          2,
          null,
          1,
          2,
          null,
          null,
          1,
          1,
          2,
          2,
          2,
          null,
          1,
          null,
          null,
          1,
          2,
          2,
          2,
          null,
          1,
          null,
          null,
          1,
          2,
          2,
          2,
          null,
          1,
          null,
          null,
          1,
          2,
          2,
          2,
          null,
          1,
          null,
          null,
          null
        ]
      },
      "/Users/admin/workplace/leanring/page_views_analyzer/spec/run_application_spec.rb": {
        "lines": [
          null,
          null,
          1,
          null,
          1,
          4,
          null,
          2,
          null,
          1,
          1,
          null,
          null,
          null,
          null,
          null,
          null,
          null,
          1,
          2,
          null,
          null,
          1,
          2,
          null,
          1,
          2,
          null,
          null,
          null,
          1,
          2,
          null,
          1,
          2,
          null,
          null,
          null,
          null,
          null
        ]
      },
      "/Users/admin/workplace/leanring/page_views_analyzer/run_application.rb": {
        "lines": [
          null,
          null,
          null,
          1,
          null,
          0,
          null,
          null,
          1,
          1,
          3,
          null,
          null,
          1,
          3,
          null,
          1,
          null,
          1,
          null,
          1,
          null,
          null,
          1,
          null,
          1,
          null,
          1,
          3,
          null,
          null,
          1,
          3,
          null,
          null
        ]
      }
    },
    "timestamp": 1615323609
  }
}
